<?xml version="1.0" encoding="UTF-8"?>
<!-- Generated by org.testng.reporters.JUnitReportReporter -->
<testsuite hostname="PC00176" name="com.hieu.testDemo.Test1" tests="7" failures="0" timestamp="22 Nov 2018 07:45:22 GMT" time="7.580" errors="0">
  <testcase name="fifthMethod" time="3.697" classname="com.hieu.testDemo.Test1"/>
  <testcase name="thirdMethod" time="0.399" classname="com.hieu.testDemo.Test1"/>
  <testcase name="seventhMethod" time="0.661" classname="com.hieu.testDemo.Test1"/>
  <testcase name="secondMethod" time="0.349" classname="com.hieu.testDemo.Test1"/>
  <testcase name="sixthMethod" time="0.416" classname="com.hieu.testDemo.Test1"/>
  <testcase name="fourthMethod" time="0.493" classname="com.hieu.testDemo.Test1"/>
  <testcase name="fristMethod" time="1.565" classname="com.hieu.testDemo.Test1"/>
</testsuite> <!-- com.hieu.testDemo.Test1 -->
