<?xml version="1.0" encoding="UTF-8"?>
<!-- Generated by org.testng.reporters.JUnitReportReporter -->
<testsuite hostname="PC00176" name="com.hieu.testDemo.Test1" tests="1" failures="0" timestamp="20 Nov 2018 10:08:45 GMT" time="0.305" errors="0">
  <testcase name="fristMethod" time="0.305" classname="com.hieu.testDemo.Test1"/>
</testsuite> <!-- com.hieu.testDemo.Test1 -->
